<?xml version="1.0" encoding="UTF-8"?>
<!-- Generated by org.testng.reporters.JUnitReportReporter -->
<testsuite hostname="DESKTOP-JA0HHIQ" failures="0" tests="4" name="com.qa.opencart.tests.LoginPageTest" time="10.112" errors="0" timestamp="2024-07-22T18:27:05 IST" skipped="0">
  <testcase classname="com.qa.opencart.tests.LoginPageTest" name="loginPageTitleTest" time="1.684"/>
  <testcase classname="com.qa.opencart.tests.LoginPageTest" name="loginPageURLTest" time="5.247"/>
  <testcase classname="com.qa.opencart.tests.LoginPageTest" name="forgotPwdLinkExistTest" time="0.273"/>
  <testcase classname="com.qa.opencart.tests.LoginPageTest" name="loginTest" time="2.908"/>
</testsuite> <!-- com.qa.opencart.tests.LoginPageTest -->
